{"/Users/gordonfang/Desktop/morning_call/src/contrtoller/MonitoringDataController.ts": {"path":"/Users/gordonfang/Desktop/morning_call/src/contrtoller/MonitoringDataController.ts","statementMap":{"0":{"start":{"line":2,"column":0},"end":{"line":2,"column":51}},"1":{"start":{"line":9,"column":0},"end":{"line":9,"column":96}},"2":{"start":{"line":13,"column":0},"end":{"line":13,"column":20}},"3":{"start":{"line":14,"column":0},"end":{"line":14,"column":41}},"4":{"start":{"line":15,"column":0},"end":{"line":15,"column":30}},"5":{"start":{"line":16,"column":0},"end":{"line":16,"column":24}},"6":{"start":{"line":17,"column":0},"end":{"line":17,"column":67}},"7":{"start":{"line":18,"column":0},"end":{"line":18,"column":48}},"8":{"start":{"line":31,"column":12},"end":{"line":31,"column":48}},"9":{"start":{"line":39,"column":8},"end":{"line":39,"column":59}},"10":{"start":{"line":40,"column":8},"end":{"line":40,"column":51}},"11":{"start":{"line":49,"column":32},"end":{"line":54,"column":10}},"12":{"start":{"line":51,"column":16},"end":{"line":51,"column":57}},"13":{"start":{"line":52,"column":16},"end":{"line":52,"column":49}},"14":{"start":{"line":55,"column":8},"end":{"line":57,"column":null}},"15":{"start":{"line":56,"column":12},"end":{"line":56,"column":45}},"16":{"start":{"line":70,"column":8},"end":{"line":78,"column":null}},"17":{"start":{"line":71,"column":12},"end":{"line":71,"column":62}},"18":{"start":{"line":72,"column":12},"end":{"line":72,"column":83}},"19":{"start":{"line":73,"column":12},"end":{"line":73,"column":91}},"20":{"start":{"line":74,"column":12},"end":{"line":74,"column":98}},"21":{"start":{"line":76,"column":12},"end":{"line":76,"column":35}},"22":{"start":{"line":77,"column":12},"end":{"line":77,"column":33}},"23":{"start":{"line":80,"column":8},"end":{"line":84,"column":null}},"24":{"start":{"line":81,"column":37},"end":{"line":81,"column":68}},"25":{"start":{"line":82,"column":12},"end":{"line":82,"column":59}},"26":{"start":{"line":83,"column":12},"end":{"line":83,"column":48}},"27":{"start":{"line":93,"column":8},"end":{"line":99,"column":18}},"28":{"start":{"line":94,"column":12},"end":{"line":98,"column":null}},"29":{"start":{"line":95,"column":16},"end":{"line":95,"column":68}},"30":{"start":{"line":96,"column":19},"end":{"line":98,"column":null}},"31":{"start":{"line":97,"column":16},"end":{"line":97,"column":76}},"32":{"start":{"line":109,"column":43},"end":{"line":109,"column":93}},"33":{"start":{"line":110,"column":36},"end":{"line":110,"column":87}},"34":{"start":{"line":110,"column":60},"end":{"line":110,"column":78}},"35":{"start":{"line":111,"column":28},"end":{"line":111,"column":62}},"36":{"start":{"line":112,"column":8},"end":{"line":112,"column":68}},"37":{"start":{"line":113,"column":8},"end":{"line":113,"column":62}},"38":{"start":{"line":122,"column":8},"end":{"line":124,"column":33}},"39":{"start":{"line":133,"column":38},"end":{"line":133,"column":91}},"40":{"start":{"line":134,"column":61},"end":{"line":134,"column":88}},"41":{"start":{"line":135,"column":8},"end":{"line":135,"column":65}},"42":{"start":{"line":136,"column":8},"end":{"line":136,"column":37}},"43":{"start":{"line":145,"column":8},"end":{"line":145,"column":64}},"44":{"start":{"line":146,"column":8},"end":{"line":146,"column":60}},"45":{"start":{"line":25,"column":0},"end":{"line":25,"column":21}}},"fnMap":{"0":{"name":"(anonymous_1)","decl":{"start":{"line":38,"column":4},"end":{"line":38,"column":16}},"loc":{"start":{"line":38,"column":94},"end":{"line":41,"column":5}}},"1":{"name":"(anonymous_2)","decl":{"start":{"line":48,"column":11},"end":{"line":48,"column":16}},"loc":{"start":{"line":48,"column":45},"end":{"line":58,"column":5}}},"2":{"name":"(anonymous_3)","decl":{"start":{"line":50,"column":17},"end":{"line":50,"column":18}},"loc":{"start":{"line":50,"column":77},"end":{"line":53,"column":13}}},"3":{"name":"(anonymous_4)","decl":{"start":{"line":65,"column":11},"end":{"line":65,"column":16}},"loc":{"start":{"line":65,"column":32},"end":{"line":85,"column":5}}},"4":{"name":"(anonymous_5)","decl":{"start":{"line":92,"column":12},"end":{"line":92,"column":26}},"loc":{"start":{"line":92,"column":52},"end":{"line":100,"column":5}}},"5":{"name":"(anonymous_6)","decl":{"start":{"line":93,"column":30},"end":{"line":93,"column":31}},"loc":{"start":{"line":93,"column":41},"end":{"line":99,"column":9}}},"6":{"name":"(anonymous_7)","decl":{"start":{"line":108,"column":12},"end":{"line":108,"column":17}},"loc":{"start":{"line":108,"column":68},"end":{"line":114,"column":5}}},"7":{"name":"(anonymous_8)","decl":{"start":{"line":110,"column":49},"end":{"line":110,"column":50}},"loc":{"start":{"line":110,"column":57},"end":{"line":110,"column":79}}},"8":{"name":"(anonymous_9)","decl":{"start":{"line":121,"column":12},"end":{"line":121,"column":32}},"loc":{"start":{"line":121,"column":49},"end":{"line":125,"column":5}}},"9":{"name":"(anonymous_10)","decl":{"start":{"line":132,"column":11},"end":{"line":132,"column":16}},"loc":{"start":{"line":132,"column":36},"end":{"line":137,"column":5}}},"10":{"name":"(anonymous_11)","decl":{"start":{"line":144,"column":11},"end":{"line":144,"column":16}},"loc":{"start":{"line":144,"column":37},"end":{"line":147,"column":5}}}},"branchMap":{"0":{"loc":{"start":{"line":55,"column":8},"end":{"line":57,"column":null}},"type":"if","locations":[{"start":{"line":55,"column":8},"end":{"line":57,"column":null}},{"start":{"line":55,"column":8},"end":{"line":57,"column":null}}]},"1":{"loc":{"start":{"line":55,"column":12},"end":{"line":55,"column":33}},"type":"binary-expr","locations":[{"start":{"line":55,"column":12},"end":{"line":55,"column":33}},{"start":{"line":55,"column":37},"end":{"line":55,"column":63}}]},"2":{"loc":{"start":{"line":80,"column":8},"end":{"line":84,"column":null}},"type":"if","locations":[{"start":{"line":80,"column":8},"end":{"line":84,"column":null}},{"start":{"line":80,"column":8},"end":{"line":84,"column":null}}]},"3":{"loc":{"start":{"line":94,"column":12},"end":{"line":98,"column":null}},"type":"if","locations":[{"start":{"line":94,"column":12},"end":{"line":98,"column":null}},{"start":{"line":94,"column":12},"end":{"line":98,"column":null}}]},"4":{"loc":{"start":{"line":96,"column":19},"end":{"line":98,"column":null}},"type":"if","locations":[{"start":{"line":96,"column":19},"end":{"line":98,"column":null}},{"start":{"line":96,"column":19},"end":{"line":98,"column":null}}]}},"s":{"0":1,"1":1,"2":1,"3":1,"4":1,"5":1,"6":1,"7":1,"8":1,"9":1,"10":1,"11":0,"12":0,"13":0,"14":0,"15":0,"16":1,"17":1,"18":1,"19":1,"20":1,"21":0,"22":0,"23":1,"24":1,"25":1,"26":1,"27":1,"28":2,"29":1,"30":1,"31":1,"32":1,"33":1,"34":2,"35":1,"36":1,"37":1,"38":1,"39":1,"40":1,"41":1,"42":1,"43":1,"44":1,"45":1},"f":{"0":1,"1":0,"2":0,"3":1,"4":1,"5":2,"6":1,"7":2,"8":1,"9":1,"10":1},"b":{"0":[0,0],"1":[0,0],"2":[1,0],"3":[1,1],"4":[1,0]}}
,"/Users/gordonfang/Desktop/morning_call/src/enum/AirQualityIndex.ts": {"path":"/Users/gordonfang/Desktop/morning_call/src/enum/AirQualityIndex.ts","statementMap":{"0":{"start":{"line":1,"column":0},"end":{"line":1,"column":null}},"1":{"start":{"line":2,"column":4},"end":{"line":2,"column":null}},"2":{"start":{"line":3,"column":4},"end":{"line":3,"column":null}},"3":{"start":{"line":4,"column":4},"end":{"line":4,"column":null}},"4":{"start":{"line":5,"column":4},"end":{"line":5,"column":null}},"5":{"start":{"line":6,"column":4},"end":{"line":6,"column":null}},"6":{"start":{"line":7,"column":4},"end":{"line":7,"column":null}},"7":{"start":{"line":10,"column":0},"end":{"line":10,"column":31}}},"fnMap":{"0":{"name":"(anonymous_0)","decl":{"start":{"line":1,"column":0},"end":{"line":1,"column":5}},"loc":{"start":{"line":1,"column":20},"end":{"line":8,"column":1}}}},"branchMap":{"0":{"loc":{"start":{"line":1,"column":5},"end":{"line":1,"column":20}},"type":"binary-expr","locations":[{"start":{"line":1,"column":5},"end":{"line":1,"column":20}},{"start":{"line":1,"column":5},"end":{"line":1,"column":null}}]}},"s":{"0":1,"1":1,"2":1,"3":1,"4":1,"5":1,"6":1,"7":1},"f":{"0":1},"b":{"0":[1,1]}}
,"/Users/gordonfang/Desktop/morning_call/src/enum/DataType.ts": {"path":"/Users/gordonfang/Desktop/morning_call/src/enum/DataType.ts","statementMap":{"0":{"start":{"line":1,"column":0},"end":{"line":1,"column":null}},"1":{"start":{"line":2,"column":4},"end":{"line":2,"column":null}},"2":{"start":{"line":3,"column":4},"end":{"line":3,"column":null}},"3":{"start":{"line":6,"column":0},"end":{"line":6,"column":24}}},"fnMap":{"0":{"name":"(anonymous_0)","decl":{"start":{"line":1,"column":0},"end":{"line":1,"column":5}},"loc":{"start":{"line":1,"column":13},"end":{"line":4,"column":1}}}},"branchMap":{"0":{"loc":{"start":{"line":1,"column":5},"end":{"line":1,"column":13}},"type":"binary-expr","locations":[{"start":{"line":1,"column":5},"end":{"line":1,"column":13}},{"start":{"line":1,"column":5},"end":{"line":1,"column":null}}]}},"s":{"0":1,"1":1,"2":1,"3":1},"f":{"0":1},"b":{"0":[1,1]}}
,"/Users/gordonfang/Desktop/morning_call/src/enum/MonitoringItem.ts": {"path":"/Users/gordonfang/Desktop/morning_call/src/enum/MonitoringItem.ts","statementMap":{"0":{"start":{"line":1,"column":0},"end":{"line":1,"column":null}},"1":{"start":{"line":2,"column":4},"end":{"line":2,"column":null}},"2":{"start":{"line":3,"column":4},"end":{"line":3,"column":null}},"3":{"start":{"line":4,"column":4},"end":{"line":4,"column":null}},"4":{"start":{"line":5,"column":4},"end":{"line":5,"column":null}},"5":{"start":{"line":6,"column":4},"end":{"line":6,"column":null}},"6":{"start":{"line":7,"column":4},"end":{"line":7,"column":null}},"7":{"start":{"line":10,"column":0},"end":{"line":10,"column":30}}},"fnMap":{"0":{"name":"(anonymous_0)","decl":{"start":{"line":1,"column":0},"end":{"line":1,"column":5}},"loc":{"start":{"line":1,"column":19},"end":{"line":8,"column":1}}}},"branchMap":{"0":{"loc":{"start":{"line":1,"column":5},"end":{"line":1,"column":19}},"type":"binary-expr","locations":[{"start":{"line":1,"column":5},"end":{"line":1,"column":19}},{"start":{"line":1,"column":5},"end":{"line":1,"column":null}}]}},"s":{"0":1,"1":1,"2":1,"3":1,"4":1,"5":1,"6":1,"7":1},"f":{"0":1},"b":{"0":[1,1]}}
,"/Users/gordonfang/Desktop/morning_call/src/model/AirQualityDto.ts": {"path":"/Users/gordonfang/Desktop/morning_call/src/model/AirQualityDto.ts","statementMap":{"0":{"start":{"line":2,"column":4},"end":{"line":2,"column":27}},"1":{"start":{"line":3,"column":4},"end":{"line":3,"column":25}},"2":{"start":{"line":1,"column":0},"end":{"line":1,"column":21}}},"fnMap":{"0":{"name":"(anonymous_0)","decl":{"start":{"line":1,"column":0},"end":{"line":1,"column":21}},"loc":{"start":{"line":1,"column":0},"end":{"line":4,"column":1}}}},"branchMap":{},"s":{"0":3,"1":3,"2":1},"f":{"0":3},"b":{}}
,"/Users/gordonfang/Desktop/morning_call/src/model/AirQualityModel.ts": {"path":"/Users/gordonfang/Desktop/morning_call/src/model/AirQualityModel.ts","statementMap":{"0":{"start":{"line":1,"column":0},"end":{"line":1,"column":26}},"1":{"start":{"line":2,"column":0},"end":{"line":2,"column":51}},"2":{"start":{"line":4,"column":24},"end":{"line":4,"column":39}},"3":{"start":{"line":21,"column":33},"end":{"line":66,"column":2}},"4":{"start":{"line":68,"column":0},"end":{"line":68,"column":71}}},"fnMap":{},"branchMap":{},"s":{"0":1,"1":1,"2":1,"3":1,"4":1},"f":{},"b":{}}
,"/Users/gordonfang/Desktop/morning_call/src/model/AirQualityRelayBo.ts": {"path":"/Users/gordonfang/Desktop/morning_call/src/model/AirQualityRelayBo.ts","statementMap":{"0":{"start":{"line":4,"column":4},"end":{"line":4,"column":22}},"1":{"start":{"line":5,"column":4},"end":{"line":5,"column":23}},"2":{"start":{"line":6,"column":4},"end":{"line":6,"column":24}},"3":{"start":{"line":7,"column":4},"end":{"line":7,"column":26}},"4":{"start":{"line":8,"column":4},"end":{"line":8,"column":29}},"5":{"start":{"line":9,"column":4},"end":{"line":9,"column":26}},"6":{"start":{"line":10,"column":4},"end":{"line":10,"column":29}},"7":{"start":{"line":11,"column":4},"end":{"line":11,"column":30}},"8":{"start":{"line":12,"column":4},"end":{"line":12,"column":28}},"9":{"start":{"line":13,"column":4},"end":{"line":13,"column":28}},"10":{"start":{"line":3,"column":0},"end":{"line":3,"column":21}}},"fnMap":{"0":{"name":"(anonymous_0)","decl":{"start":{"line":3,"column":0},"end":{"line":3,"column":21}},"loc":{"start":{"line":3,"column":0},"end":{"line":14,"column":1}}}},"branchMap":{},"s":{"0":4,"1":4,"2":4,"3":4,"4":4,"5":4,"6":4,"7":4,"8":4,"9":4,"10":1},"f":{"0":4},"b":{}}
,"/Users/gordonfang/Desktop/morning_call/src/model/AirQualityRelayDto.ts": {"path":"/Users/gordonfang/Desktop/morning_call/src/model/AirQualityRelayDto.ts","statementMap":{"0":{"start":{"line":4,"column":4},"end":{"line":4,"column":22}},"1":{"start":{"line":5,"column":4},"end":{"line":5,"column":23}},"2":{"start":{"line":6,"column":4},"end":{"line":6,"column":24}},"3":{"start":{"line":7,"column":4},"end":{"line":7,"column":26}},"4":{"start":{"line":8,"column":4},"end":{"line":8,"column":29}},"5":{"start":{"line":9,"column":4},"end":{"line":9,"column":26}},"6":{"start":{"line":10,"column":4},"end":{"line":10,"column":29}},"7":{"start":{"line":11,"column":4},"end":{"line":11,"column":30}},"8":{"start":{"line":12,"column":4},"end":{"line":12,"column":28}},"9":{"start":{"line":13,"column":4},"end":{"line":13,"column":28}},"10":{"start":{"line":3,"column":0},"end":{"line":3,"column":21}}},"fnMap":{"0":{"name":"(anonymous_0)","decl":{"start":{"line":3,"column":0},"end":{"line":3,"column":21}},"loc":{"start":{"line":3,"column":0},"end":{"line":14,"column":1}}}},"branchMap":{},"s":{"0":4,"1":4,"2":4,"3":4,"4":4,"5":4,"6":4,"7":4,"8":4,"9":4,"10":1},"f":{"0":4},"b":{}}
,"/Users/gordonfang/Desktop/morning_call/src/model/WeatherPredictDto.ts": {"path":"/Users/gordonfang/Desktop/morning_call/src/model/WeatherPredictDto.ts","statementMap":{"0":{"start":{"line":2,"column":4},"end":{"line":2,"column":27}},"1":{"start":{"line":3,"column":4},"end":{"line":3,"column":25}},"2":{"start":{"line":1,"column":0},"end":{"line":1,"column":21}}},"fnMap":{"0":{"name":"(anonymous_0)","decl":{"start":{"line":1,"column":0},"end":{"line":1,"column":21}},"loc":{"start":{"line":1,"column":0},"end":{"line":4,"column":1}}}},"branchMap":{},"s":{"0":7,"1":7,"2":1},"f":{"0":7},"b":{}}
,"/Users/gordonfang/Desktop/morning_call/src/model/WeatherPredictRelayBo.ts": {"path":"/Users/gordonfang/Desktop/morning_call/src/model/WeatherPredictRelayBo.ts","statementMap":{"0":{"start":{"line":4,"column":4},"end":{"line":4,"column":22}},"1":{"start":{"line":5,"column":4},"end":{"line":5,"column":31}},"2":{"start":{"line":6,"column":4},"end":{"line":6,"column":27}},"3":{"start":{"line":7,"column":4},"end":{"line":7,"column":25}},"4":{"start":{"line":8,"column":4},"end":{"line":8,"column":30}},"5":{"start":{"line":9,"column":4},"end":{"line":9,"column":28}},"6":{"start":{"line":3,"column":0},"end":{"line":3,"column":21}}},"fnMap":{"0":{"name":"(anonymous_0)","decl":{"start":{"line":3,"column":0},"end":{"line":3,"column":21}},"loc":{"start":{"line":3,"column":0},"end":{"line":10,"column":1}}}},"branchMap":{},"s":{"0":5,"1":5,"2":5,"3":5,"4":5,"5":5,"6":1},"f":{"0":5},"b":{}}
,"/Users/gordonfang/Desktop/morning_call/src/model/WeatherPredictRelayDo.ts": {"path":"/Users/gordonfang/Desktop/morning_call/src/model/WeatherPredictRelayDo.ts","statementMap":{"0":{"start":{"line":4,"column":4},"end":{"line":4,"column":22}},"1":{"start":{"line":5,"column":4},"end":{"line":5,"column":31}},"2":{"start":{"line":6,"column":4},"end":{"line":6,"column":27}},"3":{"start":{"line":7,"column":4},"end":{"line":7,"column":25}},"4":{"start":{"line":8,"column":4},"end":{"line":8,"column":30}},"5":{"start":{"line":9,"column":4},"end":{"line":9,"column":28}},"6":{"start":{"line":3,"column":0},"end":{"line":3,"column":21}}},"fnMap":{"0":{"name":"(anonymous_0)","decl":{"start":{"line":3,"column":0},"end":{"line":3,"column":21}},"loc":{"start":{"line":3,"column":0},"end":{"line":10,"column":1}}}},"branchMap":{},"s":{"0":1,"1":1,"2":1,"3":1,"4":1,"5":1,"6":1},"f":{"0":1},"b":{}}
,"/Users/gordonfang/Desktop/morning_call/src/model/WeatherPredictRelayDto.ts": {"path":"/Users/gordonfang/Desktop/morning_call/src/model/WeatherPredictRelayDto.ts","statementMap":{"0":{"start":{"line":4,"column":4},"end":{"line":4,"column":22}},"1":{"start":{"line":5,"column":4},"end":{"line":5,"column":31}},"2":{"start":{"line":6,"column":4},"end":{"line":6,"column":27}},"3":{"start":{"line":7,"column":4},"end":{"line":7,"column":25}},"4":{"start":{"line":8,"column":4},"end":{"line":8,"column":30}},"5":{"start":{"line":9,"column":4},"end":{"line":9,"column":28}},"6":{"start":{"line":3,"column":0},"end":{"line":3,"column":21}}},"fnMap":{"0":{"name":"(anonymous_0)","decl":{"start":{"line":3,"column":0},"end":{"line":3,"column":21}},"loc":{"start":{"line":3,"column":0},"end":{"line":10,"column":1}}}},"branchMap":{},"s":{"0":5,"1":5,"2":5,"3":5,"4":5,"5":5,"6":1},"f":{"0":5},"b":{}}
,"/Users/gordonfang/Desktop/morning_call/src/model/WeatherPridictModel.ts": {"path":"/Users/gordonfang/Desktop/morning_call/src/model/WeatherPridictModel.ts","statementMap":{"0":{"start":{"line":1,"column":0},"end":{"line":1,"column":26}},"1":{"start":{"line":2,"column":0},"end":{"line":2,"column":51}},"2":{"start":{"line":4,"column":24},"end":{"line":4,"column":42}},"3":{"start":{"line":17,"column":37},"end":{"line":42,"column":2}},"4":{"start":{"line":44,"column":0},"end":{"line":44,"column":79}}},"fnMap":{},"branchMap":{},"s":{"0":1,"1":1,"2":1,"3":1,"4":1},"f":{},"b":{}}
,"/Users/gordonfang/Desktop/morning_call/src/repository/AirQualityDao.ts": {"path":"/Users/gordonfang/Desktop/morning_call/src/repository/AirQualityDao.ts","statementMap":{"0":{"start":{"line":1,"column":0},"end":{"line":1,"column":41}},"1":{"start":{"line":3,"column":0},"end":{"line":3,"column":86}},"2":{"start":{"line":4,"column":0},"end":{"line":4,"column":61}},"3":{"start":{"line":5,"column":0},"end":{"line":5,"column":48}},"4":{"start":{"line":14,"column":10},"end":{"line":14,"column":46}},"5":{"start":{"line":21,"column":4},"end":{"line":21,"column":31}},"6":{"start":{"line":22,"column":4},"end":{"line":22,"column":43}},"7":{"start":{"line":23,"column":51},"end":{"line":23,"column":75}},"8":{"start":{"line":24,"column":4},"end":{"line":24,"column":78}},"9":{"start":{"line":25,"column":4},"end":{"line":25,"column":30}},"10":{"start":{"line":34,"column":37},"end":{"line":34,"column":129}},"11":{"start":{"line":35,"column":4},"end":{"line":35,"column":57}},"12":{"start":{"line":36,"column":51},"end":{"line":36,"column":75}},"13":{"start":{"line":37,"column":4},"end":{"line":37,"column":49}},"14":{"start":{"line":38,"column":4},"end":{"line":38,"column":30}},"15":{"start":{"line":47,"column":22},"end":{"line":47,"column":63}},"16":{"start":{"line":49,"column":4},"end":{"line":54,"column":14}},"17":{"start":{"line":56,"column":4},"end":{"line":56,"column":54}},"18":{"start":{"line":65,"column":30},"end":{"line":70,"column":13}},"19":{"start":{"line":71,"column":4},"end":{"line":71,"column":21}},"20":{"start":{"line":12,"column":0},"end":{"line":12,"column":21}}},"fnMap":{"0":{"name":"(anonymous_1)","decl":{"start":{"line":12,"column":0},"end":{"line":12,"column":21}},"loc":{"start":{"line":12,"column":0},"end":{"line":73,"column":1}}},"1":{"name":"(anonymous_2)","decl":{"start":{"line":20,"column":9},"end":{"line":20,"column":14}},"loc":{"start":{"line":20,"column":62},"end":{"line":26,"column":3}}},"2":{"name":"(anonymous_3)","decl":{"start":{"line":33,"column":9},"end":{"line":33,"column":14}},"loc":{"start":{"line":33,"column":31},"end":{"line":39,"column":3}}},"3":{"name":"(anonymous_4)","decl":{"start":{"line":46,"column":9},"end":{"line":46,"column":14}},"loc":{"start":{"line":46,"column":64},"end":{"line":57,"column":3}}},"4":{"name":"(anonymous_5)","decl":{"start":{"line":64,"column":9},"end":{"line":64,"column":14}},"loc":{"start":{"line":64,"column":59},"end":{"line":72,"column":3}}}},"branchMap":{},"s":{"0":1,"1":1,"2":1,"3":1,"4":3,"5":2,"6":2,"7":2,"8":2,"9":2,"10":3,"11":2,"12":2,"13":2,"14":2,"15":2,"16":2,"17":2,"18":3,"19":3,"20":1},"f":{"0":3,"1":2,"2":3,"3":2,"4":3},"b":{}}
,"/Users/gordonfang/Desktop/morning_call/src/repository/WeatherPredictDao.ts": {"path":"/Users/gordonfang/Desktop/morning_call/src/repository/WeatherPredictDao.ts","statementMap":{"0":{"start":{"line":1,"column":0},"end":{"line":1,"column":41}},"1":{"start":{"line":3,"column":0},"end":{"line":3,"column":69}},"2":{"start":{"line":4,"column":0},"end":{"line":4,"column":102}},"3":{"start":{"line":5,"column":0},"end":{"line":5,"column":48}},"4":{"start":{"line":14,"column":12},"end":{"line":14,"column":48}},"5":{"start":{"line":22,"column":8},"end":{"line":22,"column":39}},"6":{"start":{"line":23,"column":8},"end":{"line":23,"column":47}},"7":{"start":{"line":24,"column":63},"end":{"line":24,"column":91}},"8":{"start":{"line":25,"column":8},"end":{"line":25,"column":90}},"9":{"start":{"line":26,"column":8},"end":{"line":26,"column":38}},"10":{"start":{"line":35,"column":49},"end":{"line":35,"column":145}},"11":{"start":{"line":36,"column":8},"end":{"line":36,"column":65}},"12":{"start":{"line":37,"column":63},"end":{"line":37,"column":91}},"13":{"start":{"line":38,"column":8},"end":{"line":38,"column":61}},"14":{"start":{"line":39,"column":8},"end":{"line":39,"column":38}},"15":{"start":{"line":48,"column":34},"end":{"line":48,"column":79}},"16":{"start":{"line":49,"column":8},"end":{"line":54,"column":18}},"17":{"start":{"line":56,"column":8},"end":{"line":56,"column":58}},"18":{"start":{"line":65,"column":34},"end":{"line":70,"column":17}},"19":{"start":{"line":71,"column":8},"end":{"line":71,"column":25}},"20":{"start":{"line":12,"column":0},"end":{"line":12,"column":21}}},"fnMap":{"0":{"name":"(anonymous_1)","decl":{"start":{"line":12,"column":0},"end":{"line":12,"column":21}},"loc":{"start":{"line":12,"column":0},"end":{"line":73,"column":1}}},"1":{"name":"(anonymous_2)","decl":{"start":{"line":21,"column":11},"end":{"line":21,"column":16}},"loc":{"start":{"line":21,"column":72},"end":{"line":27,"column":5}}},"2":{"name":"(anonymous_3)","decl":{"start":{"line":34,"column":11},"end":{"line":34,"column":16}},"loc":{"start":{"line":34,"column":33},"end":{"line":40,"column":5}}},"3":{"name":"(anonymous_4)","decl":{"start":{"line":47,"column":11},"end":{"line":47,"column":16}},"loc":{"start":{"line":47,"column":74},"end":{"line":57,"column":5}}},"4":{"name":"(anonymous_5)","decl":{"start":{"line":64,"column":11},"end":{"line":64,"column":16}},"loc":{"start":{"line":64,"column":69},"end":{"line":72,"column":5}}}},"branchMap":{},"s":{"0":1,"1":1,"2":1,"3":1,"4":3,"5":2,"6":2,"7":2,"8":2,"9":2,"10":3,"11":3,"12":3,"13":3,"14":3,"15":2,"16":2,"17":2,"18":7,"19":7,"20":1},"f":{"0":3,"1":2,"2":3,"3":2,"4":7},"b":{}}
,"/Users/gordonfang/Desktop/morning_call/src/service/impl/AirQualityServiceImpl.ts": {"path":"/Users/gordonfang/Desktop/morning_call/src/service/impl/AirQualityServiceImpl.ts","statementMap":{"0":{"start":{"line":1,"column":0},"end":{"line":1,"column":26}},"1":{"start":{"line":2,"column":0},"end":{"line":2,"column":58}},"2":{"start":{"line":3,"column":0},"end":{"line":3,"column":57}},"3":{"start":{"line":4,"column":0},"end":{"line":4,"column":54}},"4":{"start":{"line":5,"column":0},"end":{"line":5,"column":89}},"5":{"start":{"line":6,"column":0},"end":{"line":6,"column":62}},"6":{"start":{"line":9,"column":0},"end":{"line":9,"column":60}},"7":{"start":{"line":10,"column":0},"end":{"line":10,"column":51}},"8":{"start":{"line":12,"column":0},"end":{"line":12,"column":44}},"9":{"start":{"line":13,"column":0},"end":{"line":13,"column":43}},"10":{"start":{"line":24,"column":10},"end":{"line":24,"column":46}},"11":{"start":{"line":30,"column":4},"end":{"line":30,"column":39}},"12":{"start":{"line":37,"column":39},"end":{"line":37,"column":68}},"13":{"start":{"line":38,"column":4},"end":{"line":38,"column":81}},"14":{"start":{"line":39,"column":41},"end":{"line":39,"column":76}},"15":{"start":{"line":40,"column":51},"end":{"line":40,"column":109}},"16":{"start":{"line":41,"column":49},"end":{"line":41,"column":72}},"17":{"start":{"line":42,"column":4},"end":{"line":42,"column":null}},"18":{"start":{"line":43,"column":4},"end":{"line":43,"column":29}},"19":{"start":{"line":52,"column":4},"end":{"line":65,"column":null}},"20":{"start":{"line":54,"column":8},"end":{"line":54,"column":41}},"21":{"start":{"line":56,"column":8},"end":{"line":56,"column":46}},"22":{"start":{"line":58,"column":8},"end":{"line":58,"column":41}},"23":{"start":{"line":60,"column":8},"end":{"line":60,"column":41}},"24":{"start":{"line":62,"column":8},"end":{"line":62,"column":40}},"25":{"start":{"line":64,"column":8},"end":{"line":64,"column":36}},"26":{"start":{"line":73,"column":4},"end":{"line":78,"column":null}},"27":{"start":{"line":74,"column":6},"end":{"line":74,"column":71}},"28":{"start":{"line":76,"column":6},"end":{"line":76,"column":31}},"29":{"start":{"line":77,"column":6},"end":{"line":77,"column":63}},"30":{"start":{"line":80,"column":49},"end":{"line":80,"column":72}},"31":{"start":{"line":81,"column":4},"end":{"line":81,"column":null}},"32":{"start":{"line":82,"column":4},"end":{"line":82,"column":29}},"33":{"start":{"line":89,"column":41},"end":{"line":89,"column":60}},"34":{"start":{"line":90,"column":4},"end":{"line":90,"column":99}},"35":{"start":{"line":91,"column":4},"end":{"line":91,"column":45}},"36":{"start":{"line":92,"column":4},"end":{"line":92,"column":65}},"37":{"start":{"line":20,"column":0},"end":{"line":20,"column":21}}},"fnMap":{"0":{"name":"(anonymous_1)","decl":{"start":{"line":29,"column":2},"end":{"line":29,"column":14}},"loc":{"start":{"line":29,"column":42},"end":{"line":31,"column":3}}},"1":{"name":"(anonymous_2)","decl":{"start":{"line":36,"column":9},"end":{"line":36,"column":14}},"loc":{"start":{"line":36,"column":33},"end":{"line":44,"column":3}}},"2":{"name":"(anonymous_3)","decl":{"start":{"line":51,"column":10},"end":{"line":51,"column":23}},"loc":{"start":{"line":51,"column":45},"end":{"line":66,"column":3}}},"3":{"name":"(anonymous_4)","decl":{"start":{"line":71,"column":9},"end":{"line":71,"column":14}},"loc":{"start":{"line":71,"column":34},"end":{"line":83,"column":3}}},"4":{"name":"(anonymous_5)","decl":{"start":{"line":88,"column":9},"end":{"line":88,"column":14}},"loc":{"start":{"line":88,"column":35},"end":{"line":93,"column":3}}}},"branchMap":{"0":{"loc":{"start":{"line":53,"column":6},"end":{"line":54,"column":41}},"type":"switch","locations":[{"start":{"line":53,"column":6},"end":{"line":54,"column":41}},{"start":{"line":55,"column":6},"end":{"line":56,"column":46}},{"start":{"line":57,"column":6},"end":{"line":58,"column":41}},{"start":{"line":59,"column":6},"end":{"line":60,"column":41}},{"start":{"line":61,"column":6},"end":{"line":62,"column":40}},{"start":{"line":63,"column":6},"end":{"line":64,"column":36}}]}},"s":{"0":1,"1":1,"2":1,"3":1,"4":1,"5":1,"6":1,"7":1,"8":1,"9":1,"10":2,"11":2,"12":2,"13":2,"14":2,"15":2,"16":2,"17":2,"18":2,"19":2,"20":0,"21":0,"22":0,"23":0,"24":0,"25":2,"26":3,"27":3,"28":1,"29":1,"30":2,"31":2,"32":2,"33":2,"34":2,"35":2,"36":2,"37":1},"f":{"0":2,"1":2,"2":2,"3":3,"4":2},"b":{"0":[0,0,0,0,0,2]}}
,"/Users/gordonfang/Desktop/morning_call/src/service/impl/WeatherPredictServiceImpl.ts": {"path":"/Users/gordonfang/Desktop/morning_call/src/service/impl/WeatherPredictServiceImpl.ts","statementMap":{"0":{"start":{"line":1,"column":0},"end":{"line":1,"column":37}},"1":{"start":{"line":2,"column":0},"end":{"line":2,"column":62}},"2":{"start":{"line":3,"column":0},"end":{"line":3,"column":105}},"3":{"start":{"line":6,"column":0},"end":{"line":6,"column":60}},"4":{"start":{"line":7,"column":0},"end":{"line":7,"column":62}},"5":{"start":{"line":9,"column":0},"end":{"line":9,"column":70}},"6":{"start":{"line":10,"column":0},"end":{"line":10,"column":51}},"7":{"start":{"line":11,"column":0},"end":{"line":11,"column":44}},"8":{"start":{"line":12,"column":0},"end":{"line":12,"column":43}},"9":{"start":{"line":23,"column":12},"end":{"line":23,"column":48}},"10":{"start":{"line":29,"column":8},"end":{"line":29,"column":51}},"11":{"start":{"line":36,"column":47},"end":{"line":37,"column":101}},"12":{"start":{"line":38,"column":53},"end":{"line":38,"column":92}},"13":{"start":{"line":39,"column":63},"end":{"line":39,"column":129}},"14":{"start":{"line":40,"column":61},"end":{"line":40,"column":88}},"15":{"start":{"line":41,"column":8},"end":{"line":41,"column":66}},"16":{"start":{"line":42,"column":8},"end":{"line":42,"column":37}},"17":{"start":{"line":51,"column":30},"end":{"line":51,"column":106}},"18":{"start":{"line":54,"column":8},"end":{"line":56,"column":null}},"19":{"start":{"line":55,"column":12},"end":{"line":55,"column":46}},"20":{"start":{"line":57,"column":8},"end":{"line":57,"column":54}},"21":{"start":{"line":65,"column":53},"end":{"line":65,"column":87}},"22":{"start":{"line":66,"column":35},"end":{"line":66,"column":98}},"23":{"start":{"line":67,"column":8},"end":{"line":69,"column":null}},"24":{"start":{"line":68,"column":12},"end":{"line":68,"column":73}},"25":{"start":{"line":70,"column":63},"end":{"line":70,"column":110}},"26":{"start":{"line":71,"column":61},"end":{"line":71,"column":88}},"27":{"start":{"line":72,"column":8},"end":{"line":72,"column":66}},"28":{"start":{"line":73,"column":8},"end":{"line":73,"column":37}},"29":{"start":{"line":80,"column":53},"end":{"line":80,"column":126}},"30":{"start":{"line":81,"column":8},"end":{"line":81,"column":77}},"31":{"start":{"line":91,"column":53},"end":{"line":91,"column":76}},"32":{"start":{"line":92,"column":8},"end":{"line":92,"column":70}},"33":{"start":{"line":93,"column":8},"end":{"line":93,"column":53}},"34":{"start":{"line":94,"column":8},"end":{"line":94,"column":33}},"35":{"start":{"line":19,"column":0},"end":{"line":19,"column":21}}},"fnMap":{"0":{"name":"(anonymous_1)","decl":{"start":{"line":28,"column":4},"end":{"line":28,"column":16}},"loc":{"start":{"line":28,"column":52},"end":{"line":30,"column":5}}},"1":{"name":"(anonymous_2)","decl":{"start":{"line":35,"column":11},"end":{"line":35,"column":16}},"loc":{"start":{"line":35,"column":35},"end":{"line":43,"column":5}}},"2":{"name":"(anonymous_3)","decl":{"start":{"line":50,"column":12},"end":{"line":50,"column":26}},"loc":{"start":{"line":50,"column":39},"end":{"line":58,"column":5}}},"3":{"name":"(anonymous_4)","decl":{"start":{"line":63,"column":11},"end":{"line":63,"column":16}},"loc":{"start":{"line":63,"column":36},"end":{"line":74,"column":5}}},"4":{"name":"(anonymous_5)","decl":{"start":{"line":79,"column":11},"end":{"line":79,"column":16}},"loc":{"start":{"line":79,"column":37},"end":{"line":82,"column":5}}},"5":{"name":"(anonymous_6)","decl":{"start":{"line":90,"column":12},"end":{"line":90,"column":37}},"loc":{"start":{"line":90,"column":50},"end":{"line":95,"column":5}}}},"branchMap":{"0":{"loc":{"start":{"line":54,"column":8},"end":{"line":56,"column":null}},"type":"if","locations":[{"start":{"line":54,"column":8},"end":{"line":56,"column":null}},{"start":{"line":54,"column":8},"end":{"line":56,"column":null}}]},"1":{"loc":{"start":{"line":67,"column":8},"end":{"line":69,"column":null}},"type":"if","locations":[{"start":{"line":67,"column":8},"end":{"line":69,"column":null}},{"start":{"line":67,"column":8},"end":{"line":69,"column":null}}]}},"s":{"0":1,"1":1,"2":1,"3":1,"4":1,"5":1,"6":1,"7":1,"8":1,"9":2,"10":2,"11":2,"12":2,"13":2,"14":2,"15":2,"16":2,"17":4,"18":4,"19":4,"20":4,"21":4,"22":4,"23":4,"24":1,"25":3,"26":3,"27":3,"28":3,"29":2,"30":2,"31":6,"32":6,"33":6,"34":6,"35":1},"f":{"0":2,"1":2,"2":4,"3":4,"4":2,"5":6},"b":{"0":[4,0],"1":[1,3]}}
,"/Users/gordonfang/Desktop/morning_call/src/utility/Utility.ts": {"path":"/Users/gordonfang/Desktop/morning_call/src/utility/Utility.ts","statementMap":{"0":{"start":{"line":6,"column":26},"end":{"line":12,"column":1}},"1":{"start":{"line":7,"column":4},"end":{"line":11,"column":7}},"2":{"start":{"line":8,"column":8},"end":{"line":10,"column":null}},"3":{"start":{"line":9,"column":12},"end":{"line":9,"column":38}},"4":{"start":{"line":6,"column":13},"end":{"line":6,"column":26}}},"fnMap":{"0":{"name":"(anonymous_0)","decl":{"start":{"line":6,"column":26},"end":{"line":6,"column":27}},"loc":{"start":{"line":6,"column":67},"end":{"line":12,"column":1}}},"1":{"name":"(anonymous_1)","decl":{"start":{"line":7,"column":32},"end":{"line":7,"column":35}},"loc":{"start":{"line":7,"column":38},"end":{"line":11,"column":5}}}},"branchMap":{"0":{"loc":{"start":{"line":8,"column":8},"end":{"line":10,"column":null}},"type":"if","locations":[{"start":{"line":8,"column":8},"end":{"line":10,"column":null}},{"start":{"line":8,"column":8},"end":{"line":10,"column":null}}]}},"s":{"0":1,"1":19,"2":173,"3":146,"4":1},"f":{"0":19,"1":173},"b":{"0":[146,27]}}
,"/Users/gordonfang/Desktop/morning_call/src/utility/api/Api.ts": {"path":"/Users/gordonfang/Desktop/morning_call/src/utility/api/Api.ts","statementMap":{"0":{"start":{"line":1,"column":0},"end":{"line":1,"column":26}},"1":{"start":{"line":2,"column":0},"end":{"line":2,"column":26}},"2":{"start":{"line":5,"column":0},"end":{"line":5,"column":55}},"3":{"start":{"line":7,"column":26},"end":{"line":9,"column":2}},"4":{"start":{"line":11,"column":30},"end":{"line":13,"column":2}},"5":{"start":{"line":21,"column":33},"end":{"line":38,"column":4}},"6":{"start":{"line":22,"column":2},"end":{"line":38,"column":4}},"7":{"start":{"line":25,"column":22},"end":{"line":25,"column":103}},"8":{"start":{"line":25,"column":61},"end":{"line":25,"column":102}},"9":{"start":{"line":26,"column":4},"end":{"line":37,"column":9}},"10":{"start":{"line":21,"column":13},"end":{"line":21,"column":33}},"11":{"start":{"line":48,"column":37},"end":{"line":63,"column":4}},"12":{"start":{"line":49,"column":2},"end":{"line":63,"column":4}},"13":{"start":{"line":54,"column":16},"end":{"line":54,"column":45}},"14":{"start":{"line":55,"column":15},"end":{"line":55,"column":56}},"15":{"start":{"line":56,"column":4},"end":{"line":62,"column":7}},"16":{"start":{"line":48,"column":13},"end":{"line":48,"column":37}}},"fnMap":{"0":{"name":"(anonymous_1)","decl":{"start":{"line":21,"column":33},"end":{"line":21,"column":34}},"loc":{"start":{"line":22,"column":2},"end":{"line":38,"column":4}}},"1":{"name":"(anonymous_2)","decl":{"start":{"line":24,"column":9},"end":{"line":24,"column":10}},"loc":{"start":{"line":24,"column":22},"end":{"line":38,"column":3}}},"2":{"name":"(anonymous_3)","decl":{"start":{"line":25,"column":44},"end":{"line":25,"column":45}},"loc":{"start":{"line":25,"column":61},"end":{"line":25,"column":102}}},"3":{"name":"(anonymous_4)","decl":{"start":{"line":48,"column":37},"end":{"line":48,"column":38}},"loc":{"start":{"line":49,"column":2},"end":{"line":63,"column":4}}},"4":{"name":"(anonymous_5)","decl":{"start":{"line":53,"column":9},"end":{"line":53,"column":10}},"loc":{"start":{"line":53,"column":22},"end":{"line":63,"column":3}}}},"branchMap":{},"s":{"0":1,"1":1,"2":1,"3":1,"4":1,"5":1,"6":2,"7":2,"8":12,"9":2,"10":1,"11":1,"12":2,"13":2,"14":2,"15":2,"16":1},"f":{"0":2,"1":2,"2":12,"3":2,"4":2},"b":{}}
,"/Users/gordonfang/Desktop/morning_call/src/utility/connection/Connection.ts": {"path":"/Users/gordonfang/Desktop/morning_call/src/utility/connection/Connection.ts","statementMap":{"0":{"start":{"line":1,"column":0},"end":{"line":1,"column":47}},"1":{"start":{"line":2,"column":0},"end":{"line":2,"column":33}},"2":{"start":{"line":4,"column":15},"end":{"line":4,"column":32}},"3":{"start":{"line":5,"column":26},"end":{"line":16,"column":1}},"4":{"start":{"line":6,"column":2},"end":{"line":15,"column":null}},"5":{"start":{"line":7,"column":4},"end":{"line":10,"column":7}},"6":{"start":{"line":11,"column":4},"end":{"line":11,"column":56}},"7":{"start":{"line":13,"column":4},"end":{"line":13,"column":23}},"8":{"start":{"line":14,"column":4},"end":{"line":14,"column":54}},"9":{"start":{"line":5,"column":13},"end":{"line":5,"column":26}},"10":{"start":{"line":18,"column":29},"end":{"line":21,"column":1}},"11":{"start":{"line":19,"column":2},"end":{"line":19,"column":21}},"12":{"start":{"line":20,"column":2},"end":{"line":20,"column":44}},"13":{"start":{"line":18,"column":13},"end":{"line":18,"column":29}}},"fnMap":{"0":{"name":"(anonymous_0)","decl":{"start":{"line":5,"column":26},"end":{"line":5,"column":31}},"loc":{"start":{"line":5,"column":37},"end":{"line":16,"column":1}}},"1":{"name":"(anonymous_1)","decl":{"start":{"line":18,"column":29},"end":{"line":18,"column":34}},"loc":{"start":{"line":18,"column":40},"end":{"line":21,"column":1}}}},"branchMap":{},"s":{"0":1,"1":1,"2":1,"3":1,"4":1,"5":1,"6":1,"7":0,"8":0,"9":1,"10":1,"11":1,"12":1,"13":1},"f":{"0":1,"1":1},"b":{}}
,"/Users/gordonfang/Desktop/morning_call/src/utility/log/log.ts": {"path":"/Users/gordonfang/Desktop/morning_call/src/utility/log/log.ts","statementMap":{"0":{"start":{"line":1,"column":0},"end":{"line":1,"column":28}},"1":{"start":{"line":3,"column":0},"end":{"line":11,"column":3}},"2":{"start":{"line":13,"column":19},"end":{"line":13,"column":80}},"3":{"start":{"line":13,"column":44},"end":{"line":13,"column":79}},"4":{"start":{"line":13,"column":13},"end":{"line":13,"column":19}}},"fnMap":{"0":{"name":"(anonymous_1)","decl":{"start":{"line":13,"column":19},"end":{"line":13,"column":20}},"loc":{"start":{"line":13,"column":41},"end":{"line":13,"column":80}}}},"branchMap":{},"s":{"0":1,"1":1,"2":1,"3":12,"4":1},"f":{"0":12},"b":{}}
,"/Users/gordonfang/Desktop/morning_call/src/utility/scripts/Scripts.ts": {"path":"/Users/gordonfang/Desktop/morning_call/src/utility/scripts/Scripts.ts","statementMap":{"0":{"start":{"line":1,"column":0},"end":{"line":1,"column":26}},"1":{"start":{"line":2,"column":0},"end":{"line":2,"column":43}},"2":{"start":{"line":11,"column":38},"end":{"line":24,"column":1}},"3":{"start":{"line":13,"column":25},"end":{"line":13,"column":39}},"4":{"start":{"line":15,"column":4},"end":{"line":21,"column":null}},"5":{"start":{"line":16,"column":8},"end":{"line":16,"column":24}},"6":{"start":{"line":17,"column":11},"end":{"line":21,"column":null}},"7":{"start":{"line":18,"column":8},"end":{"line":18,"column":24}},"8":{"start":{"line":20,"column":8},"end":{"line":20,"column":24}},"9":{"start":{"line":23,"column":4},"end":{"line":23,"column":204}},"10":{"start":{"line":11,"column":13},"end":{"line":11,"column":38}},"11":{"start":{"line":31,"column":42},"end":{"line":33,"column":1}},"12":{"start":{"line":32,"column":4},"end":{"line":32,"column":170}},"13":{"start":{"line":31,"column":13},"end":{"line":31,"column":42}},"14":{"start":{"line":40,"column":27},"end":{"line":40,"column":132}},"15":{"start":{"line":40,"column":45},"end":{"line":40,"column":132}},"16":{"start":{"line":40,"column":13},"end":{"line":40,"column":27}}},"fnMap":{"0":{"name":"(anonymous_1)","decl":{"start":{"line":11,"column":38},"end":{"line":11,"column":39}},"loc":{"start":{"line":11,"column":73},"end":{"line":24,"column":1}}},"1":{"name":"(anonymous_2)","decl":{"start":{"line":31,"column":42},"end":{"line":31,"column":43}},"loc":{"start":{"line":31,"column":85},"end":{"line":33,"column":1}}},"2":{"name":"(anonymous_3)","decl":{"start":{"line":40,"column":27},"end":{"line":40,"column":28}},"loc":{"start":{"line":40,"column":45},"end":{"line":40,"column":132}}}},"branchMap":{"0":{"loc":{"start":{"line":15,"column":4},"end":{"line":21,"column":null}},"type":"if","locations":[{"start":{"line":15,"column":4},"end":{"line":21,"column":null}},{"start":{"line":15,"column":4},"end":{"line":21,"column":null}}]},"1":{"loc":{"start":{"line":15,"column":8},"end":{"line":15,"column":16}},"type":"binary-expr","locations":[{"start":{"line":15,"column":8},"end":{"line":15,"column":16}},{"start":{"line":15,"column":20},"end":{"line":15,"column":29}}]},"2":{"loc":{"start":{"line":17,"column":11},"end":{"line":21,"column":null}},"type":"if","locations":[{"start":{"line":17,"column":11},"end":{"line":21,"column":null}},{"start":{"line":17,"column":11},"end":{"line":21,"column":null}}]},"3":{"loc":{"start":{"line":17,"column":15},"end":{"line":17,"column":24}},"type":"binary-expr","locations":[{"start":{"line":17,"column":15},"end":{"line":17,"column":24}},{"start":{"line":17,"column":28},"end":{"line":17,"column":37}}]},"4":{"loc":{"start":{"line":40,"column":100},"end":{"line":40,"column":104}},"type":"cond-expr","locations":[{"start":{"line":40,"column":100},"end":{"line":40,"column":104}},{"start":{"line":40,"column":107},"end":{"line":40,"column":113}}]}},"s":{"0":1,"1":1,"2":1,"3":1,"4":1,"5":0,"6":1,"7":1,"8":0,"9":1,"10":1,"11":1,"12":1,"13":1,"14":1,"15":4,"16":1},"f":{"0":1,"1":1,"2":4},"b":{"0":[0,1],"1":[1,1],"2":[1,0],"3":[1,1],"4":[2,2]}}
}
