TN:
SF:src/contrtoller/MonitoringDataController.ts
FN:38,(anonymous_1)
FN:48,(anonymous_2)
FN:50,(anonymous_3)
FN:65,(anonymous_4)
FN:92,(anonymous_5)
FN:93,(anonymous_6)
FN:108,(anonymous_7)
FN:110,(anonymous_8)
FN:121,(anonymous_9)
FN:132,(anonymous_10)
FN:144,(anonymous_11)
FNF:11
FNH:11
FNDA:1,(anonymous_1)
FNDA:4,(anonymous_2)
FNDA:18,(anonymous_3)
FNDA:2,(anonymous_4)
FNDA:1,(anonymous_5)
FNDA:2,(anonymous_6)
FNDA:1,(anonymous_7)
FNDA:1,(anonymous_8)
FNDA:1,(anonymous_9)
FNDA:1,(anonymous_10)
FNDA:1,(anonymous_11)
DA:2,1
DA:9,1
DA:13,1
DA:14,1
DA:15,1
DA:16,1
DA:17,1
DA:18,1
DA:25,1
DA:31,1
DA:39,1
DA:40,1
DA:49,4
DA:51,18
DA:52,18
DA:55,4
DA:56,4
DA:70,2
DA:71,2
DA:72,2
DA:73,2
DA:74,1
DA:76,1
DA:77,1
DA:80,2
DA:81,1
DA:82,1
DA:83,1
DA:93,1
DA:94,2
DA:95,0
DA:96,2
DA:97,1
DA:109,1
DA:110,1
DA:111,1
DA:112,1
DA:113,1
DA:122,1
DA:133,1
DA:134,1
DA:135,1
DA:136,1
DA:145,1
DA:146,1
LF:45
LH:44
BRDA:55,0,0,4
BRDA:55,0,1,0
BRDA:55,1,0,4
BRDA:55,1,1,4
BRDA:80,2,0,1
BRDA:80,2,1,1
BRDA:94,3,0,0
BRDA:94,3,1,2
BRDA:96,4,0,1
BRDA:96,4,1,1
BRF:10
BRH:8
end_of_record
TN:
SF:src/enum/AirQualityIndex.ts
FN:1,(anonymous_0)
FNF:1
FNH:1
FNDA:1,(anonymous_0)
DA:1,1
DA:2,1
DA:3,1
DA:4,1
DA:5,1
DA:6,1
DA:7,1
DA:10,1
LF:8
LH:8
BRDA:1,0,0,1
BRDA:1,0,1,1
BRF:2
BRH:2
end_of_record
TN:
SF:src/enum/DataType.ts
FN:1,(anonymous_0)
FNF:1
FNH:1
FNDA:1,(anonymous_0)
DA:1,1
DA:2,1
DA:3,1
DA:6,1
LF:4
LH:4
BRDA:1,0,0,1
BRDA:1,0,1,1
BRF:2
BRH:2
end_of_record
TN:
SF:src/enum/MonitoringItem.ts
FN:1,(anonymous_0)
FNF:1
FNH:1
FNDA:1,(anonymous_0)
DA:1,1
DA:2,1
DA:3,1
DA:4,1
DA:5,1
DA:6,1
DA:7,1
DA:10,1
LF:8
LH:8
BRDA:1,0,0,1
BRDA:1,0,1,1
BRF:2
BRH:2
end_of_record
TN:
SF:src/model/AirQualityDto.ts
FN:1,(anonymous_0)
FNF:1
FNH:1
FNDA:3,(anonymous_0)
DA:1,1
DA:2,3
DA:3,3
LF:3
LH:3
BRF:0
BRH:0
end_of_record
TN:
SF:src/model/AirQualityModel.ts
FNF:0
FNH:0
DA:1,1
DA:2,1
DA:4,1
DA:21,1
DA:68,1
LF:5
LH:5
BRF:0
BRH:0
end_of_record
TN:
SF:src/model/AirQualityRelayBo.ts
FN:3,(anonymous_0)
FNF:1
FNH:1
FNDA:12,(anonymous_0)
DA:3,1
DA:4,12
DA:5,12
DA:6,12
DA:7,12
DA:8,12
DA:9,12
DA:10,12
DA:11,12
DA:12,12
DA:13,12
LF:11
LH:11
BRF:0
BRH:0
end_of_record
TN:
SF:src/model/AirQualityRelayDto.ts
FN:3,(anonymous_0)
FNF:1
FNH:1
FNDA:12,(anonymous_0)
DA:3,1
DA:4,12
DA:5,12
DA:6,12
DA:7,12
DA:8,12
DA:9,12
DA:10,12
DA:11,12
DA:12,12
DA:13,12
LF:11
LH:11
BRF:0
BRH:0
end_of_record
TN:
SF:src/model/WeatherPredictDto.ts
FN:1,(anonymous_0)
FNF:1
FNH:1
FNDA:8,(anonymous_0)
DA:1,1
DA:2,8
DA:3,8
LF:3
LH:3
BRF:0
BRH:0
end_of_record
TN:
SF:src/model/WeatherPredictRelayBo.ts
FN:3,(anonymous_0)
FNF:1
FNH:1
FNDA:5,(anonymous_0)
DA:3,1
DA:4,5
DA:5,5
DA:6,5
DA:7,5
DA:8,5
DA:9,5
LF:7
LH:7
BRF:0
BRH:0
end_of_record
TN:
SF:src/model/WeatherPredictRelayDo.ts
FN:3,(anonymous_0)
FNF:1
FNH:1
FNDA:1,(anonymous_0)
DA:3,1
DA:4,1
DA:5,1
DA:6,1
DA:7,1
DA:8,1
DA:9,1
LF:7
LH:7
BRF:0
BRH:0
end_of_record
TN:
SF:src/model/WeatherPredictRelayDto.ts
FN:3,(anonymous_0)
FNF:1
FNH:1
FNDA:5,(anonymous_0)
DA:3,1
DA:4,5
DA:5,5
DA:6,5
DA:7,5
DA:8,5
DA:9,5
LF:7
LH:7
BRF:0
BRH:0
end_of_record
TN:
SF:src/model/WeatherPridictModel.ts
FNF:0
FNH:0
DA:1,1
DA:2,1
DA:4,1
DA:17,1
DA:44,1
LF:5
LH:5
BRF:0
BRH:0
end_of_record
TN:
SF:src/repository/AirQualityDao.ts
FN:12,(anonymous_1)
FN:20,(anonymous_2)
FN:33,(anonymous_3)
FN:46,(anonymous_4)
FN:64,(anonymous_5)
FNF:5
FNH:5
FNDA:3,(anonymous_1)
FNDA:9,(anonymous_2)
FNDA:4,(anonymous_3)
FNDA:2,(anonymous_4)
FNDA:3,(anonymous_5)
DA:1,1
DA:3,1
DA:4,1
DA:5,1
DA:12,1
DA:14,3
DA:21,9
DA:22,9
DA:23,9
DA:24,9
DA:25,9
DA:34,4
DA:35,3
DA:36,3
DA:37,3
DA:38,3
DA:47,2
DA:49,2
DA:56,2
DA:65,3
DA:71,3
LF:21
LH:21
BRF:0
BRH:0
end_of_record
TN:
SF:src/repository/WeatherPredictDao.ts
FN:12,(anonymous_1)
FN:21,(anonymous_2)
FN:34,(anonymous_3)
FN:47,(anonymous_4)
FN:64,(anonymous_5)
FNF:5
FNH:5
FNDA:3,(anonymous_1)
FNDA:2,(anonymous_2)
FNDA:3,(anonymous_3)
FNDA:2,(anonymous_4)
FNDA:8,(anonymous_5)
DA:1,1
DA:3,1
DA:4,1
DA:5,1
DA:12,1
DA:14,3
DA:22,2
DA:23,2
DA:24,2
DA:25,2
DA:26,2
DA:35,3
DA:36,3
DA:37,3
DA:38,3
DA:39,3
DA:48,2
DA:49,2
DA:56,2
DA:65,8
DA:71,8
LF:21
LH:21
BRF:0
BRH:0
end_of_record
TN:
SF:src/service/impl/AirQualityServiceImpl.ts
FN:29,(anonymous_1)
FN:36,(anonymous_2)
FN:51,(anonymous_3)
FN:71,(anonymous_4)
FN:88,(anonymous_5)
FNF:5
FNH:5
FNDA:2,(anonymous_1)
FNDA:9,(anonymous_2)
FNDA:9,(anonymous_3)
FNDA:4,(anonymous_4)
FNDA:2,(anonymous_5)
DA:1,1
DA:2,1
DA:3,1
DA:4,1
DA:5,1
DA:6,1
DA:9,1
DA:10,1
DA:12,1
DA:13,1
DA:20,1
DA:24,2
DA:30,2
DA:37,9
DA:38,9
DA:39,9
DA:40,9
DA:41,9
DA:42,9
DA:43,9
DA:52,9
DA:54,3
DA:56,1
DA:58,1
DA:60,1
DA:62,1
DA:64,2
DA:73,4
DA:74,4
DA:76,1
DA:77,1
DA:80,3
DA:81,3
DA:82,3
DA:89,2
DA:90,2
DA:91,2
DA:92,2
LF:38
LH:38
BRDA:53,0,0,3
BRDA:53,0,1,1
BRDA:53,0,2,1
BRDA:53,0,3,1
BRDA:53,0,4,1
BRDA:53,0,5,2
BRF:6
BRH:6
end_of_record
TN:
SF:src/service/impl/WeatherPredictServiceImpl.ts
FN:28,(anonymous_1)
FN:35,(anonymous_2)
FN:50,(anonymous_3)
FN:63,(anonymous_4)
FN:79,(anonymous_5)
FN:90,(anonymous_6)
FNF:6
FNH:6
FNDA:2,(anonymous_1)
FNDA:2,(anonymous_2)
FNDA:4,(anonymous_3)
FNDA:5,(anonymous_4)
FNDA:2,(anonymous_5)
FNDA:7,(anonymous_6)
DA:1,1
DA:2,1
DA:3,1
DA:6,1
DA:7,1
DA:9,1
DA:10,1
DA:11,1
DA:12,1
DA:19,1
DA:23,2
DA:29,2
DA:36,2
DA:38,2
DA:39,2
DA:40,2
DA:41,2
DA:42,2
DA:51,4
DA:54,4
DA:55,4
DA:57,4
DA:65,5
DA:66,5
DA:67,5
DA:68,2
DA:70,3
DA:71,3
DA:72,3
DA:73,3
DA:80,2
DA:81,2
DA:91,7
DA:92,7
DA:93,7
DA:94,7
LF:36
LH:36
BRDA:54,0,0,4
BRDA:54,0,1,0
BRDA:67,1,0,2
BRDA:67,1,1,3
BRF:4
BRH:3
end_of_record
TN:
SF:src/utility/Utility.ts
FN:6,(anonymous_0)
FN:7,(anonymous_1)
FNF:2
FNH:2
FNDA:35,(anonymous_0)
FNDA:357,(anonymous_1)
DA:6,1
DA:7,35
DA:8,357
DA:9,306
LF:4
LH:4
BRDA:8,0,0,306
BRDA:8,0,1,51
BRF:2
BRH:2
end_of_record
TN:
SF:src/utility/api/Api.ts
FN:21,(anonymous_1)
FN:24,(anonymous_2)
FN:25,(anonymous_3)
FN:48,(anonymous_4)
FN:53,(anonymous_5)
FNF:5
FNH:5
FNDA:1,(anonymous_1)
FNDA:1,(anonymous_2)
FNDA:6,(anonymous_3)
FNDA:2,(anonymous_4)
FNDA:2,(anonymous_5)
DA:1,1
DA:2,1
DA:5,1
DA:7,1
DA:11,1
DA:21,1
DA:22,1
DA:25,6
DA:26,1
DA:48,1
DA:49,2
DA:54,2
DA:55,2
DA:56,2
LF:14
LH:14
BRF:0
BRH:0
end_of_record
TN:
SF:src/utility/connection/Connection.ts
FN:5,(anonymous_0)
FN:18,(anonymous_1)
FNF:2
FNH:2
FNDA:1,(anonymous_0)
FNDA:1,(anonymous_1)
DA:1,1
DA:2,1
DA:4,1
DA:5,1
DA:6,1
DA:7,1
DA:11,1
DA:13,0
DA:14,0
DA:18,1
DA:19,1
DA:20,1
LF:12
LH:10
BRF:0
BRH:0
end_of_record
TN:
SF:src/utility/log/log.ts
FN:13,(anonymous_1)
FNF:1
FNH:1
FNDA:12,(anonymous_1)
DA:1,1
DA:3,1
DA:13,12
LF:3
LH:3
BRF:0
BRH:0
end_of_record
TN:
SF:src/utility/scripts/Scripts.ts
FN:11,(anonymous_1)
FN:31,(anonymous_2)
FN:40,(anonymous_3)
FNF:3
FNH:2
FNDA:0,(anonymous_1)
FNDA:1,(anonymous_2)
FNDA:5,(anonymous_3)
DA:1,1
DA:2,1
DA:11,1
DA:13,0
DA:15,0
DA:16,0
DA:17,0
DA:18,0
DA:20,0
DA:23,0
DA:31,1
DA:32,1
DA:40,5
LF:13
LH:6
BRDA:15,0,0,0
BRDA:15,0,1,0
BRDA:15,1,0,0
BRDA:15,1,1,0
BRDA:17,2,0,0
BRDA:17,2,1,0
BRDA:17,3,0,0
BRDA:17,3,1,0
BRDA:40,4,0,2
BRDA:40,4,1,3
BRF:10
BRH:2
end_of_record
